2019-05-20T07:56:48+00:00 DEBUG (7): Array
(
    [url] => https://api-3t.paypal.com/nvp
    [getPalDetails] => Array
        (
            [METHOD] => getPalDetails
            [VERSION] => 72.0
            [USER] => ****
            [PWD] => ****
            [SIGNATURE] => ****
            [BUTTONSOURCE] => Magento_Cart_Community
        )

    [response] => Array
        (
            [TIMESTAMP] => 2019-05-20T07:56:48Z
            [CORRELATIONID] => 460e28044b0b8
            [ACK] => Failure
            [VERSION] => 72.0
            [BUILD] => 52273553
            [L_ERRORCODE0] => 10002
            [L_SHORTMESSAGE0] => Security error
            [L_LONGMESSAGE0] => Security header is not valid
            [L_SEVERITYCODE0] => Error
        )

    [__pid] => 12696
)

2019-05-20T08:06:17+00:00 DEBUG (7): Array
(
    [url] => https://api-3t.paypal.com/nvp
    [getPalDetails] => Array
        (
            [METHOD] => getPalDetails
            [VERSION] => 72.0
            [USER] => ****
            [PWD] => ****
            [SIGNATURE] => ****
            [BUTTONSOURCE] => Magento_Cart_Community
        )

    [response] => Array
        (
            [TIMESTAMP] => 2019-05-20T08:06:16Z
            [CORRELATIONID] => a1389b1ad2ff1
            [ACK] => Failure
            [VERSION] => 72.0
            [BUILD] => 52273553
            [L_ERRORCODE0] => 10002
            [L_SHORTMESSAGE0] => Security error
            [L_LONGMESSAGE0] => Security header is not valid
            [L_SEVERITYCODE0] => Error
        )

    [__pid] => 12696
)

